<?xml version="1.0" encoding="UTF-8"?>
<testsuite xmlns:xsi="http://www.w3.org/2001/XMLSchema-instance" xsi:noNamespaceSchemaLocation="https://maven.apache.org/surefire/maven-surefire-plugin/xsd/surefire-test-report-3.0.xsd" version="3.0" name="com.mycompany.app.AppTest" time="0.023" tests="1" errors="0" skipped="0" failures="0">
  <properties>
    <property name="java.specification.version" value="23"/>
    <property name="sun.jnu.encoding" value="UTF-8"/>
    <property name="java.class.path" value="/Users/subhanzaki-zada/Documents/WebScrapperProject/webscraper/target/test-classes:/Users/subhanzaki-zada/Documents/WebScrapperProject/webscraper/target/classes:/Users/subhanzaki-zada/.m2/repository/junit/junit/3.8.1/junit-3.8.1.jar:/Users/subhanzaki-zada/.m2/repository/org/jsoup/jsoup/1.16.1/jsoup-1.16.1.jar:/Users/subhanzaki-zada/.m2/repository/net/sourceforge/tess4j/tess4j/4.5.5/tess4j-4.5.5.jar:/Users/subhanzaki-zada/.m2/repository/net/java/dev/jna/jna/5.8.0/jna-5.8.0.jar:/Users/subhanzaki-zada/.m2/repository/com/github/jai-imageio/jai-imageio-core/1.4.0/jai-imageio-core-1.4.0.jar:/Users/subhanzaki-zada/.m2/repository/org/ghost4j/ghost4j/1.0.1/ghost4j-1.0.1.jar:/Users/subhanzaki-zada/.m2/repository/log4j/log4j/1.2.17/log4j-1.2.17.jar:/Users/subhanzaki-zada/.m2/repository/commons-beanutils/commons-beanutils/1.9.2/commons-beanutils-1.9.2.jar:/Users/subhanzaki-zada/.m2/repository/commons-collections/commons-collections/3.2.1/commons-collections-3.2.1.jar:/Users/subhanzaki-zada/.m2/repository/org/apache/xmlgraphics/xmlgraphics-commons/1.4/xmlgraphics-commons-1.4.jar:/Users/subhanzaki-zada/.m2/repository/com/lowagie/itext/2.1.7/itext-2.1.7.jar:/Users/subhanzaki-zada/.m2/repository/org/apache/pdfbox/pdfbox/2.0.24/pdfbox-2.0.24.jar:/Users/subhanzaki-zada/.m2/repository/org/apache/pdfbox/fontbox/2.0.24/fontbox-2.0.24.jar:/Users/subhanzaki-zada/.m2/repository/commons-logging/commons-logging/1.2/commons-logging-1.2.jar:/Users/subhanzaki-zada/.m2/repository/org/apache/pdfbox/pdfbox-tools/2.0.24/pdfbox-tools-2.0.24.jar:/Users/subhanzaki-zada/.m2/repository/org/apache/pdfbox/pdfbox-debugger/2.0.24/pdfbox-debugger-2.0.24.jar:/Users/subhanzaki-zada/.m2/repository/org/apache/pdfbox/jbig2-imageio/3.0.3/jbig2-imageio-3.0.3.jar:/Users/subhanzaki-zada/.m2/repository/commons-io/commons-io/2.11.0/commons-io-2.11.0.jar:/Users/subhanzaki-zada/.m2/repository/net/sourceforge/lept4j/lept4j/1.13.3/lept4j-1.13.3.jar:/Users/subhanzaki-zada/.m2/repository/org/jboss/jboss-vfs/3.2.15.Final/jboss-vfs-3.2.15.Final.jar:/Users/subhanzaki-zada/.m2/repository/org/jboss/logging/jboss-logging/3.1.4.GA/jboss-logging-3.1.4.GA.jar:/Users/subhanzaki-zada/.m2/repository/org/slf4j/slf4j-api/1.7.31/slf4j-api-1.7.31.jar:/Users/subhanzaki-zada/.m2/repository/com/squareup/okhttp3/okhttp/4.9.3/okhttp-4.9.3.jar:/Users/subhanzaki-zada/.m2/repository/com/squareup/okio/okio/2.8.0/okio-2.8.0.jar:/Users/subhanzaki-zada/.m2/repository/org/jetbrains/kotlin/kotlin-stdlib-common/1.4.0/kotlin-stdlib-common-1.4.0.jar:/Users/subhanzaki-zada/.m2/repository/org/jetbrains/kotlin/kotlin-stdlib/1.4.10/kotlin-stdlib-1.4.10.jar:/Users/subhanzaki-zada/.m2/repository/org/jetbrains/annotations/13.0/annotations-13.0.jar:/Users/subhanzaki-zada/.m2/repository/org/json/json/20230227/json-20230227.jar:/Users/subhanzaki-zada/.m2/repository/io/github/cdimascio/dotenv-java/3.0.0/dotenv-java-3.0.0.jar:"/>
    <property name="java.vm.vendor" value="Homebrew"/>
    <property name="sun.arch.data.model" value="64"/>
    <property name="java.vendor.url" value="https://github.com/Homebrew/homebrew-core/issues"/>
    <property name="os.name" value="Mac OS X"/>
    <property name="java.vm.specification.version" value="23"/>
    <property name="sun.java.launcher" value="SUN_STANDARD"/>
    <property name="user.country" value="GB"/>
    <property name="sun.boot.library.path" value="/opt/homebrew/Cellar/openjdk/23/libexec/openjdk.jdk/Contents/Home/lib"/>
    <property name="sun.java.command" value="/Users/subhanzaki-zada/Documents/WebScrapperProject/webscraper/target/surefire/surefirebooter-20241001154608512_3.jar /Users/subhanzaki-zada/Documents/WebScrapperProject/webscraper/target/surefire 2024-10-01T15-46-08_464-jvmRun1 surefire-20241001154608512_1tmp surefire_0-20241001154608512_2tmp"/>
    <property name="http.nonProxyHosts" value="local|*.local|169.254/16|*.169.254/16"/>
    <property name="jdk.debug" value="release"/>
    <property name="surefire.test.class.path" value="/Users/subhanzaki-zada/Documents/WebScrapperProject/webscraper/target/test-classes:/Users/subhanzaki-zada/Documents/WebScrapperProject/webscraper/target/classes:/Users/subhanzaki-zada/.m2/repository/junit/junit/3.8.1/junit-3.8.1.jar:/Users/subhanzaki-zada/.m2/repository/org/jsoup/jsoup/1.16.1/jsoup-1.16.1.jar:/Users/subhanzaki-zada/.m2/repository/net/sourceforge/tess4j/tess4j/4.5.5/tess4j-4.5.5.jar:/Users/subhanzaki-zada/.m2/repository/net/java/dev/jna/jna/5.8.0/jna-5.8.0.jar:/Users/subhanzaki-zada/.m2/repository/com/github/jai-imageio/jai-imageio-core/1.4.0/jai-imageio-core-1.4.0.jar:/Users/subhanzaki-zada/.m2/repository/org/ghost4j/ghost4j/1.0.1/ghost4j-1.0.1.jar:/Users/subhanzaki-zada/.m2/repository/log4j/log4j/1.2.17/log4j-1.2.17.jar:/Users/subhanzaki-zada/.m2/repository/commons-beanutils/commons-beanutils/1.9.2/commons-beanutils-1.9.2.jar:/Users/subhanzaki-zada/.m2/repository/commons-collections/commons-collections/3.2.1/commons-collections-3.2.1.jar:/Users/subhanzaki-zada/.m2/repository/org/apache/xmlgraphics/xmlgraphics-commons/1.4/xmlgraphics-commons-1.4.jar:/Users/subhanzaki-zada/.m2/repository/com/lowagie/itext/2.1.7/itext-2.1.7.jar:/Users/subhanzaki-zada/.m2/repository/org/apache/pdfbox/pdfbox/2.0.24/pdfbox-2.0.24.jar:/Users/subhanzaki-zada/.m2/repository/org/apache/pdfbox/fontbox/2.0.24/fontbox-2.0.24.jar:/Users/subhanzaki-zada/.m2/repository/commons-logging/commons-logging/1.2/commons-logging-1.2.jar:/Users/subhanzaki-zada/.m2/repository/org/apache/pdfbox/pdfbox-tools/2.0.24/pdfbox-tools-2.0.24.jar:/Users/subhanzaki-zada/.m2/repository/org/apache/pdfbox/pdfbox-debugger/2.0.24/pdfbox-debugger-2.0.24.jar:/Users/subhanzaki-zada/.m2/repository/org/apache/pdfbox/jbig2-imageio/3.0.3/jbig2-imageio-3.0.3.jar:/Users/subhanzaki-zada/.m2/repository/commons-io/commons-io/2.11.0/commons-io-2.11.0.jar:/Users/subhanzaki-zada/.m2/repository/net/sourceforge/lept4j/lept4j/1.13.3/lept4j-1.13.3.jar:/Users/subhanzaki-zada/.m2/repository/org/jboss/jboss-vfs/3.2.15.Final/jboss-vfs-3.2.15.Final.jar:/Users/subhanzaki-zada/.m2/repository/org/jboss/logging/jboss-logging/3.1.4.GA/jboss-logging-3.1.4.GA.jar:/Users/subhanzaki-zada/.m2/repository/org/slf4j/slf4j-api/1.7.31/slf4j-api-1.7.31.jar:/Users/subhanzaki-zada/.m2/repository/com/squareup/okhttp3/okhttp/4.9.3/okhttp-4.9.3.jar:/Users/subhanzaki-zada/.m2/repository/com/squareup/okio/okio/2.8.0/okio-2.8.0.jar:/Users/subhanzaki-zada/.m2/repository/org/jetbrains/kotlin/kotlin-stdlib-common/1.4.0/kotlin-stdlib-common-1.4.0.jar:/Users/subhanzaki-zada/.m2/repository/org/jetbrains/kotlin/kotlin-stdlib/1.4.10/kotlin-stdlib-1.4.10.jar:/Users/subhanzaki-zada/.m2/repository/org/jetbrains/annotations/13.0/annotations-13.0.jar:/Users/subhanzaki-zada/.m2/repository/org/json/json/20230227/json-20230227.jar:/Users/subhanzaki-zada/.m2/repository/io/github/cdimascio/dotenv-java/3.0.0/dotenv-java-3.0.0.jar:"/>
    <property name="sun.cpu.endian" value="little"/>
    <property name="user.home" value="/Users/subhanzaki-zada"/>
    <property name="user.language" value="en"/>
    <property name="java.specification.vendor" value="Oracle Corporation"/>
    <property name="java.version.date" value="2024-09-17"/>
    <property name="java.home" value="/opt/homebrew/Cellar/openjdk/23/libexec/openjdk.jdk/Contents/Home"/>
    <property name="file.separator" value="/"/>
    <property name="basedir" value="/Users/subhanzaki-zada/Documents/WebScrapperProject/webscraper"/>
    <property name="java.vm.compressedOopsMode" value="Zero based"/>
    <property name="line.separator" value="&#10;"/>
    <property name="java.vm.specification.vendor" value="Oracle Corporation"/>
    <property name="java.specification.name" value="Java Platform API Specification"/>
    <property name="apple.awt.application.name" value="ForkedBooter"/>
    <property name="surefire.real.class.path" value="/Users/subhanzaki-zada/Documents/WebScrapperProject/webscraper/target/surefire/surefirebooter-20241001154608512_3.jar"/>
    <property name="sun.management.compiler" value="HotSpot 64-Bit Tiered Compilers"/>
    <property name="ftp.nonProxyHosts" value="local|*.local|169.254/16|*.169.254/16"/>
    <property name="java.runtime.version" value="23"/>
    <property name="user.name" value="subhanzaki-zada"/>
    <property name="stdout.encoding" value="UTF-8"/>
    <property name="path.separator" value=":"/>
    <property name="os.version" value="13.3"/>
    <property name="java.runtime.name" value="OpenJDK Runtime Environment"/>
    <property name="file.encoding" value="UTF-8"/>
    <property name="java.vm.name" value="OpenJDK 64-Bit Server VM"/>
    <property name="java.vendor.version" value="Homebrew"/>
    <property name="localRepository" value="/Users/subhanzaki-zada/.m2/repository"/>
    <property name="java.vendor.url.bug" value="https://github.com/Homebrew/homebrew-core/issues"/>
    <property name="java.io.tmpdir" value="/var/folders/9q/nb0kkggd3x5_bhwv81y48vkw0000gn/T/"/>
    <property name="java.version" value="23"/>
    <property name="user.dir" value="/Users/subhanzaki-zada/Documents/WebScrapperProject/webscraper"/>
    <property name="os.arch" value="aarch64"/>
    <property name="java.vm.specification.name" value="Java Virtual Machine Specification"/>
    <property name="native.encoding" value="UTF-8"/>
    <property name="java.library.path" value="/Users/subhanzaki-zada/Library/Java/Extensions:/Library/Java/Extensions:/Network/Library/Java/Extensions:/System/Library/Java/Extensions:/usr/lib/java:."/>
    <property name="java.vm.info" value="mixed mode, sharing"/>
    <property name="stderr.encoding" value="UTF-8"/>
    <property name="java.vendor" value="Homebrew"/>
    <property name="java.vm.version" value="23"/>
    <property name="sun.io.unicode.encoding" value="UnicodeBig"/>
    <property name="socksNonProxyHosts" value="local|*.local|169.254/16|*.169.254/16"/>
    <property name="java.class.version" value="67.0"/>
  </properties>
  <testcase name="testApp" classname="com.mycompany.app.AppTest" time="0.001"/>
</testsuite>